#
# There is insufficient memory for the Java Runtime Environment to continue.
# Native memory allocation (malloc) failed to allocate 1390256 bytes for Chunk::new
# Possible reasons:
#   The system is out of physical RAM or swap space
#   The process is running with CompressedOops enabled, and the Java Heap may be blocking the growth of the native heap
# Possible solutions:
#   Reduce memory load on the system
#   Increase physical memory or swap space
#   Check if swap backing store is full
#   Decrease Java heap size (-Xmx/-Xms)
#   Decrease number of Java threads
#   Decrease Java thread stack sizes (-Xss)
#   Set larger code cache with -XX:ReservedCodeCacheSize=
#   JVM is running with Unscaled Compressed Oops mode in which the Java heap is
#     placed in the first 4GB address space. The Java Heap base address is the
#     maximum limit for the native heap growth. Please use -XX:HeapBaseMinAddress
#     to set the Java Heap base and to place the Java Heap above 4GB virtual address.
# This output file may be truncated or incomplete.
#
#  Out of Memory Error (arena.cpp:191), pid=10024, tid=9868
#
# JRE version: OpenJDK Runtime Environment Temurin-17.0.9+9 (17.0.9+9) (build 17.0.9+9)
# Java VM: OpenJDK 64-Bit Server VM Temurin-17.0.9+9 (17.0.9+9, mixed mode, tiered, compressed oops, compressed class ptrs, parallel gc, windows-amd64)
# No core dump will be written. Minidumps are not enabled by default on client versions of Windows
#

---------------  S U M M A R Y ------------

Command Line: --add-modules=ALL-SYSTEM --add-opens=java.base/java.util=ALL-UNNAMED --add-opens=java.base/java.lang=ALL-UNNAMED --add-opens=java.base/sun.nio.fs=ALL-UNNAMED -Declipse.application=org.eclipse.jdt.ls.core.id1 -Dosgi.bundles.defaultStartLevel=4 -Declipse.product=org.eclipse.jdt.ls.core.product -Djava.import.generatesMetadataFilesAtProjectRoot=false -DDetectVMInstallationsJob.disabled=true -Dfile.encoding=utf8 -XX:+UseParallelGC -XX:GCTimeRatio=4 -XX:AdaptiveSizePolicyWeight=90 -Dsun.zip.disableMemoryMapping=true -Xmx1G -Xms100m -Xlog:disable -javaagent:c:\Users\JEAN DAVID\.vscode\extensions\redhat.java-1.25.1-win32-x64\lombok\lombok-1.18.30.jar -XX:+HeapDumpOnOutOfMemoryError -XX:HeapDumpPath=c:\Users\JEAN DAVID\AppData\Roaming\Code\User\workspaceStorage\793886428f18fc1711ac6083bee20be0\redhat.java -Daether.dependencyCollector.impl=bf c:\Users\JEAN DAVID\.vscode\extensions\redhat.java-1.25.1-win32-x64\server\plugins\org.eclipse.equinox.launcher_1.6.600.v20231106-1826.jar -configuration c:\Users\JEAN DAVID\AppData\Roaming\Code\User\globalStorage\redhat.java\1.25.1\config_win -data c:\Users\JEAN DAVID\AppData\Roaming\Code\User\workspaceStorage\793886428f18fc1711ac6083bee20be0\redhat.java\jdt_ws --stdio

Host: Intel(R) Core(TM) i5-8300H CPU @ 2.30GHz, 8 cores, 7G,  Windows 11 , 64 bit Build 22621 (10.0.22621.1778)
Time: Thu Dec 28 12:59:03 2023 Greenwich elapsed time: 14.550678 seconds (0d 0h 0m 14s)

---------------  T H R E A D  ---------------

Current thread (0x00000216264d3c30):  JavaThread "C2 CompilerThread1" daemon [_thread_in_native, id=9868, stack(0x0000004ff5500000,0x0000004ff5600000)]


Current CompileTask:
C2:  14550 7467       4       org.eclipse.jdt.internal.core.search.indexing.BinaryIndexer::extractReferenceFromConstantPool (351 bytes)

Stack: [0x0000004ff5500000,0x0000004ff5600000]
Native frames: (J=compiled Java code, j=interpreted, Vv=VM code, C=native code)
V  [jvm.dll+0x67cf49]
V  [jvm.dll+0x83478a]
V  [jvm.dll+0x83624e]
V  [jvm.dll+0x8368b3]
V  [jvm.dll+0x247f1f]
V  [jvm.dll+0xac43c]
V  [jvm.dll+0xaca8c]
V  [jvm.dll+0x367012]
V  [jvm.dll+0x1bd722]
V  [jvm.dll+0x21a709]
V  [jvm.dll+0x2199d1]
V  [jvm.dll+0x1a57cd]
V  [jvm.dll+0x2297ae]
V  [jvm.dll+0x22797c]
V  [jvm.dll+0x7e9877]
V  [jvm.dll+0x7e3c3a]
V  [jvm.dll+0x67be35]
C  [ucrtbase.dll+0x29363]
C  [KERNEL32.DLL+0x126ad]
C  [ntdll.dll+0x5a9f8]


---------------  P R O C E S S  ---------------

Threads class SMR info:
_java_thread_list=0x0000021629c34470, length=41, elements={
0x000002160c34a330, 0x00000216201d1020, 0x00000216201d36c0, 0x00000216201ddfc0,
0x00000216201de990, 0x000002160c3f7330, 0x0000021625287040, 0x000002162528a3f0,
0x000002160c3fe440, 0x000002160c3fe960, 0x000002160c3ab860, 0x0000021625609110,
0x0000021626dee310, 0x0000021626ab0fd0, 0x0000021626ab1780, 0x0000021626c0c170,
0x00000216273c6a10, 0x00000216272151c0, 0x00000216272156d0, 0x0000021627216b10,
0x00000216264d3c30, 0x00000216272160f0, 0x0000021627215be0, 0x0000021628975ee0,
0x0000021627850f10, 0x0000021628977830, 0x0000021628978c70, 0x000002162897b4f0,
0x0000021628977320, 0x000002162897c420, 0x000002162897aad0, 0x000002162897afe0,
0x000002162897ce40, 0x00000216289763f0, 0x000002162897ba00, 0x000002162897bf10,
0x000002162897c930, 0x0000021628976900, 0x0000021628976e10, 0x0000021628977d40,
0x0000021628978250
}

Java Threads: ( => current thread )
  0x000002160c34a330 JavaThread "main" [_thread_blocked, id=16676, stack(0x0000004ff4000000,0x0000004ff4100000)]
  0x00000216201d1020 JavaThread "Reference Handler" daemon [_thread_blocked, id=1644, stack(0x0000004ff4300000,0x0000004ff4400000)]
  0x00000216201d36c0 JavaThread "Finalizer" daemon [_thread_blocked, id=8928, stack(0x0000004ff4400000,0x0000004ff4500000)]
  0x00000216201ddfc0 JavaThread "Signal Dispatcher" daemon [_thread_blocked, id=14652, stack(0x0000004ff4500000,0x0000004ff4600000)]
  0x00000216201de990 JavaThread "Attach Listener" daemon [_thread_blocked, id=1604, stack(0x0000004ff4600000,0x0000004ff4700000)]
  0x000002160c3f7330 JavaThread "Service Thread" daemon [_thread_blocked, id=9632, stack(0x0000004ff4700000,0x0000004ff4800000)]
  0x0000021625287040 JavaThread "Monitor Deflation Thread" daemon [_thread_blocked, id=11036, stack(0x0000004ff4800000,0x0000004ff4900000)]
  0x000002162528a3f0 JavaThread "C2 CompilerThread0" daemon [_thread_in_native, id=11148, stack(0x0000004ff4900000,0x0000004ff4a00000)]
  0x000002160c3fe440 JavaThread "C1 CompilerThread0" daemon [_thread_blocked, id=5372, stack(0x0000004ff4a00000,0x0000004ff4b00000)]
  0x000002160c3fe960 JavaThread "Sweeper thread" daemon [_thread_blocked, id=16596, stack(0x0000004ff4b00000,0x0000004ff4c00000)]
  0x000002160c3ab860 JavaThread "Common-Cleaner" daemon [_thread_blocked, id=19284, stack(0x0000004ff4c00000,0x0000004ff4d00000)]
  0x0000021625609110 JavaThread "Notification Thread" daemon [_thread_blocked, id=2004, stack(0x0000004ff4d00000,0x0000004ff4e00000)]
  0x0000021626dee310 JavaThread "Active Thread: Equinox Container: 998d6a51-5062-48e9-bc31-4544680b9547" [_thread_blocked, id=17556, stack(0x0000004ff5600000,0x0000004ff5700000)]
  0x0000021626ab0fd0 JavaThread "Framework Event Dispatcher: Equinox Container: 998d6a51-5062-48e9-bc31-4544680b9547" daemon [_thread_blocked, id=9268, stack(0x0000004ff5700000,0x0000004ff5800000)]
  0x0000021626ab1780 JavaThread "Start Level: Equinox Container: 998d6a51-5062-48e9-bc31-4544680b9547" daemon [_thread_blocked, id=15844, stack(0x0000004ff5800000,0x0000004ff5900000)]
  0x0000021626c0c170 JavaThread "Bundle File Closer" daemon [_thread_blocked, id=7332, stack(0x0000004ff5a00000,0x0000004ff5b00000)]
  0x00000216273c6a10 JavaThread "SCR Component Actor" daemon [_thread_blocked, id=16656, stack(0x0000004ff5b00000,0x0000004ff5c00000)]
  0x00000216272151c0 JavaThread "Worker-JM" [_thread_blocked, id=19300, stack(0x0000004ff5d00000,0x0000004ff5e00000)]
  0x00000216272156d0 JavaThread "Worker-0" [_thread_blocked, id=4456, stack(0x0000004ff5e00000,0x0000004ff5f00000)]
  0x0000021627216b10 JavaThread "Worker-1: Initialize Workspace" [_thread_blocked, id=7564, stack(0x0000004ff5f00000,0x0000004ff6000000)]
=>0x00000216264d3c30 JavaThread "C2 CompilerThread1" daemon [_thread_in_native, id=9868, stack(0x0000004ff5500000,0x0000004ff5600000)]
  0x00000216272160f0 JavaThread "Java indexing" daemon [_thread_in_Java, id=19224, stack(0x0000004ff6000000,0x0000004ff6100000)]
  0x0000021627215be0 JavaThread "Worker-2: Java indexing... " [_thread_blocked, id=8080, stack(0x0000004ff6100000,0x0000004ff6200000)]
  0x0000021628975ee0 JavaThread "Worker-3: Synchronize Gradle projects with workspace" [_thread_blocked, id=12980, stack(0x0000004ff6200000,0x0000004ff6300000)]
  0x0000021627850f10 JavaThread "C2 CompilerThread2" daemon [_thread_in_native, id=11680, stack(0x0000004ff6300000,0x0000004ff6400000)]
  0x0000021628977830 JavaThread "JNA Cleaner" daemon [_thread_blocked, id=10228, stack(0x0000004ff6400000,0x0000004ff6500000)]
  0x0000021628978c70 JavaThread "pool-2-thread-1" [_thread_blocked, id=17940, stack(0x0000004ff6700000,0x0000004ff6800000)]
  0x000002162897b4f0 JavaThread "WorkspaceEventsHandler" [_thread_blocked, id=13108, stack(0x0000004ff6800000,0x0000004ff6900000)]
  0x0000021628977320 JavaThread "pool-1-thread-1" [_thread_blocked, id=19312, stack(0x0000004ff6900000,0x0000004ff6a00000)]
  0x000002162897c420 JavaThread "Timer-0" [_thread_blocked, id=18672, stack(0x0000004ff6a00000,0x0000004ff6b00000)]
  0x000002162897aad0 JavaThread "Timer-1" [_thread_blocked, id=3488, stack(0x0000004ff6b00000,0x0000004ff6c00000)]
  0x000002162897afe0 JavaThread "Connection worker" [_thread_blocked, id=17352, stack(0x0000004ff6c00000,0x0000004ff6d00000)]
  0x000002162897ce40 JavaThread "Keep-Alive-Timer" daemon [_thread_blocked, id=11112, stack(0x0000004ff6e00000,0x0000004ff6f00000)]
  0x00000216289763f0 JavaThread "Worker-4" [_thread_blocked, id=19328, stack(0x0000004ff5c00000,0x0000004ff5d00000)]
  0x000002162897ba00 JavaThread "Worker-5" [_thread_blocked, id=18516, stack(0x0000004ff6f00000,0x0000004ff7000000)]
  0x000002162897bf10 JavaThread "Worker-6" [_thread_blocked, id=4784, stack(0x0000004ff7000000,0x0000004ff7100000)]
  0x000002162897c930 JavaThread "Timer-2" [_thread_blocked, id=15320, stack(0x0000004ff7100000,0x0000004ff7200000)]
  0x0000021628976900 JavaThread "Connection worker" [_thread_blocked, id=7328, stack(0x0000004ff7200000,0x0000004ff7300000)]
  0x0000021628976e10 JavaThread "Exec process" [_thread_in_native, id=7896, stack(0x0000004ff7300000,0x0000004ff7400000)]
  0x0000021628977d40 JavaThread "Exec process Thread 2" [_thread_in_native, id=16024, stack(0x0000004ff7400000,0x0000004ff7500000)]
  0x0000021628978250 JavaThread "Exec process Thread 3" [_thread_in_native, id=11684, stack(0x0000004ff7500000,0x0000004ff7600000)]

Other Threads:
  0x00000216252614b0 VMThread "VM Thread" [stack: 0x0000004ff4200000,0x0000004ff4300000] [id=11772]
  0x000002162558be10 WatcherThread [stack: 0x0000004ff4e00000,0x0000004ff4f00000] [id=12968]
  0x000002160c35f870 GCTaskThread "GC Thread#0" [stack: 0x0000004ff4100000,0x0000004ff4200000] [id=11784]
  0x0000021625570190 GCTaskThread "GC Thread#1" [stack: 0x0000004ff4f00000,0x0000004ff5000000] [id=16548]
  0x00000216269dab70 GCTaskThread "GC Thread#2" [stack: 0x0000004ff5000000,0x0000004ff5100000] [id=11436]
  0x000002162558a8b0 GCTaskThread "GC Thread#3" [stack: 0x0000004ff5100000,0x0000004ff5200000] [id=6880]
  0x000002162558ab70 GCTaskThread "GC Thread#4" [stack: 0x0000004ff5200000,0x0000004ff5300000] [id=5144]
  0x0000021626571450 GCTaskThread "GC Thread#5" [stack: 0x0000004ff5300000,0x0000004ff5400000] [id=808]
  0x0000021626571710 GCTaskThread "GC Thread#6" [stack: 0x0000004ff5400000,0x0000004ff5500000] [id=8776]
  0x0000021626b36c20 GCTaskThread "GC Thread#7" [stack: 0x0000004ff5900000,0x0000004ff5a00000] [id=18540]

Threads with active compile tasks:
C2 CompilerThread0    14616 7381   !   4       org.eclipse.jdt.internal.core.search.indexing.BinaryIndexer::indexDocument (1142 bytes)
C2 CompilerThread1    14616 7467       4       org.eclipse.jdt.internal.core.search.indexing.BinaryIndexer::extractReferenceFromConstantPool (351 bytes)
C2 CompilerThread2    14616 7492   !   4       org.eclipse.jdt.internal.compiler.classfmt.ClassFileReader::<init> (2113 bytes)

VM state: not at safepoint (normal execution)

VM Mutex/Monitor currently owned by a thread: None

Heap address: 0x00000000c0000000, size: 1024 MB, Compressed Oops mode: 32-bit

CDS archive(s) not mapped
Compressed class space mapped at: 0x0000000100000000-0x0000000140000000, reserved size: 1073741824
Narrow klass base: 0x0000000000000000, Narrow klass shift: 3, Narrow klass range: 0x140000000

GC Precious Log:
 CPUs: 8 total, 8 available
 Memory: 8081M
 Large Page Support: Disabled
 NUMA Support: Disabled
 Compressed Oops: Enabled (32-bit)
 Alignments: Space 512K, Generation 512K, Heap 2M
 Heap Min Capacity: 100M
 Heap Initial Capacity: 100M
 Heap Max Capacity: 1G
 Pre-touch: Disabled
 Parallel Workers: 8

Heap:
 PSYoungGen      total 9216K, used 5950K [0x00000000eab00000, 0x00000000eb700000, 0x0000000100000000)
  eden space 7168K, 59% used [0x00000000eab00000,0x00000000eaf2a1f0,0x00000000eb200000)
  from space 2048K, 82% used [0x00000000eb200000,0x00000000eb3a5780,0x00000000eb400000)
  to   space 2560K, 0% used [0x00000000eb480000,0x00000000eb480000,0x00000000eb700000)
 ParOldGen       total 116224K, used 96787K [0x00000000c0000000, 0x00000000c7180000, 0x00000000eab00000)
  object space 116224K, 83% used [0x00000000c0000000,0x00000000c5e84de8,0x00000000c7180000)
 Metaspace       used 64989K, committed 66112K, reserved 1114112K
  class space    used 7539K, committed 8000K, reserved 1048576K

Card table byte_map: [0x000002160bce0000,0x000002160bef0000] _byte_map_base: 0x000002160b6e0000

Marking Bits: (ParMarkBitMap*) 0x00007ffb821ed0b0
 Begin Bits: [0x000002161dfe0000, 0x000002161efe0000)
 End Bits:   [0x000002161efe0000, 0x000002161ffe0000)

Polling page: 0x000002160a2f0000

Metaspace:

Usage:
  Non-class:     56.10 MB used.
      Class:      7.36 MB used.
       Both:     63.47 MB used.

Virtual space:
  Non-class space:       64.00 MB reserved,      56.75 MB ( 89%) committed,  1 nodes.
      Class space:        1.00 GB reserved,       7.81 MB ( <1%) committed,  1 nodes.
             Both:        1.06 GB reserved,      64.56 MB (  6%) committed. 

Chunk freelists:
   Non-Class:  6.91 MB
       Class:  8.09 MB
        Both:  15.00 MB

MaxMetaspaceSize: unlimited
CompressedClassSpaceSize: 1.00 GB
Initial GC threshold: 21.00 MB
Current GC threshold: 107.50 MB
CDS: off
MetaspaceReclaimPolicy: balanced
 - commit_granule_bytes: 65536.
 - commit_granule_words: 8192.
 - virtual_space_node_default_size: 8388608.
 - enlarge_chunks_in_place: 1.
 - new_chunks_are_fully_committed: 0.
 - uncommit_free_chunks: 1.
 - use_allocation_guard: 0.
 - handle_deallocations: 1.


Internal statistics:

num_allocs_failed_limit: 9.
num_arena_births: 534.
num_arena_deaths: 16.
num_vsnodes_births: 2.
num_vsnodes_deaths: 0.
num_space_committed: 1033.
num_space_uncommitted: 0.
num_chunks_returned_to_freelist: 26.
num_chunks_taken_from_freelist: 2932.
num_chunk_merges: 13.
num_chunk_splits: 1839.
num_chunks_enlarged: 1106.
num_inconsistent_stats: 0.

CodeHeap 'non-profiled nmethods': size=120000Kb used=4167Kb max_used=4167Kb free=115832Kb
 bounds [0x0000021616ab0000, 0x0000021616ed0000, 0x000002161dfe0000]
CodeHeap 'profiled nmethods': size=120000Kb used=13640Kb max_used=13640Kb free=106359Kb
 bounds [0x000002160efe0000, 0x000002160fd40000, 0x0000021616510000]
CodeHeap 'non-nmethods': size=5760Kb used=1343Kb max_used=1446Kb free=4416Kb
 bounds [0x0000021616510000, 0x0000021616780000, 0x0000021616ab0000]
 total_blobs=7340 nmethods=6660 adapters=594
 compilation: enabled
              stopped_count=0, restarted_count=0
 full_count=0

Compilation events (20 events):
Event: 14.319 Thread 0x000002160c3fe440 7502       3       java.lang.invoke.LambdaForm$NamedFunction::<init> (15 bytes)
Event: 14.320 Thread 0x000002160c3fe440 nmethod 7502 0x000002160fd2f810 code [0x000002160fd2f9a0, 0x000002160fd2fb38]
Event: 14.328 Thread 0x000002160c3fe440 7505       2       jdk.internal.jrtfs.JrtFileSystem::newByteChannel (44 bytes)
Event: 14.329 Thread 0x000002160c3fe440 nmethod 7505 0x000002160fd2fc10 code [0x000002160fd2fde0, 0x000002160fd302e8]
Event: 14.329 Thread 0x000002160c3fe440 7506       2       java.nio.channels.Channels::newChannel (33 bytes)
Event: 14.329 Thread 0x000002160c3fe440 nmethod 7506 0x000002160fd30610 code [0x000002160fd307e0, 0x000002160fd30c38]
Event: 14.329 Thread 0x000002160c3fe440 7507       2       java.nio.channels.Channels$ReadableByteChannelImpl::<init> (28 bytes)
Event: 14.330 Thread 0x000002160c3fe440 nmethod 7507 0x000002160fd30e90 code [0x000002160fd31020, 0x000002160fd312b8]
Event: 14.330 Thread 0x000002160c3fe440 7508       2       jdk.internal.jrtfs.JrtFileSystem$1::<init> (25 bytes)
Event: 14.330 Thread 0x000002160c3fe440 nmethod 7508 0x000002160fd31390 code [0x000002160fd31520, 0x000002160fd31658]
Event: 14.381 Thread 0x000002160c3fe440 7509       3       java.lang.StringBuilder::append (6 bytes)
Event: 14.381 Thread 0x000002160c3fe440 nmethod 7509 0x000002160fd31710 code [0x000002160fd318c0, 0x000002160fd31a68]
Event: 14.382 Thread 0x000002160c3fe440 7510       1       com.google.gson.stream.JsonWriter::setLenient (6 bytes)
Event: 14.382 Thread 0x000002160c3fe440 nmethod 7510 0x0000021616ec1510 code [0x0000021616ec16a0, 0x0000021616ec1778]
Event: 14.382 Thread 0x000002160c3fe440 7511       1       com.google.gson.stream.JsonWriter::setHtmlSafe (6 bytes)
Event: 14.382 Thread 0x000002160c3fe440 nmethod 7511 0x0000021616ec1810 code [0x0000021616ec19a0, 0x0000021616ec1a78]
Event: 14.382 Thread 0x000002160c3fe440 7512       1       com.google.gson.stream.JsonWriter::setSerializeNulls (6 bytes)
Event: 14.382 Thread 0x000002160c3fe440 nmethod 7512 0x0000021616ec1b10 code [0x0000021616ec1ca0, 0x0000021616ec1d78]
Event: 14.382 Thread 0x000002160c3fe440 7513       3       com.google.gson.stream.JsonWriter::name (46 bytes)
Event: 14.383 Thread 0x000002160c3fe440 nmethod 7513 0x000002160fd31b10 code [0x000002160fd31d00, 0x000002160fd32188]

GC Heap History (20 events):
Event: 13.941 GC heap before
{Heap before GC invocations=49 (full 4):
 PSYoungGen      total 11776K, used 11593K [0x00000000eab00000, 0x00000000eb880000, 0x0000000100000000)
  eden space 9728K, 100% used [0x00000000eab00000,0x00000000eb480000,0x00000000eb480000)
  from space 2048K, 91% used [0x00000000eb480000,0x00000000eb652678,0x00000000eb680000)
  to   space 2048K, 0% used [0x00000000eb680000,0x00000000eb680000,0x00000000eb880000)
 ParOldGen       total 92672K, used 80245K [0x00000000c0000000, 0x00000000c5a80000, 0x00000000eab00000)
  object space 92672K, 86% used [0x00000000c0000000,0x00000000c4e5d5d0,0x00000000c5a80000)
 Metaspace       used 63768K, committed 64832K, reserved 1114112K
  class space    used 7360K, committed 7808K, reserved 1048576K
}
Event: 13.944 GC heap after
{Heap after GC invocations=49 (full 4):
 PSYoungGen      total 11776K, used 1791K [0x00000000eab00000, 0x00000000eb880000, 0x0000000100000000)
  eden space 9728K, 0% used [0x00000000eab00000,0x00000000eab00000,0x00000000eb480000)
  from space 2048K, 87% used [0x00000000eb680000,0x00000000eb83ffa8,0x00000000eb880000)
  to   space 2048K, 0% used [0x00000000eb480000,0x00000000eb480000,0x00000000eb680000)
 ParOldGen       total 92672K, used 82046K [0x00000000c0000000, 0x00000000c5a80000, 0x00000000eab00000)
  object space 92672K, 88% used [0x00000000c0000000,0x00000000c501f940,0x00000000c5a80000)
 Metaspace       used 63768K, committed 64832K, reserved 1114112K
  class space    used 7360K, committed 7808K, reserved 1048576K
}
Event: 13.984 GC heap before
{Heap before GC invocations=50 (full 4):
 PSYoungGen      total 11776K, used 11519K [0x00000000eab00000, 0x00000000eb880000, 0x0000000100000000)
  eden space 9728K, 100% used [0x00000000eab00000,0x00000000eb480000,0x00000000eb480000)
  from space 2048K, 87% used [0x00000000eb680000,0x00000000eb83ffa8,0x00000000eb880000)
  to   space 2048K, 0% used [0x00000000eb480000,0x00000000eb480000,0x00000000eb680000)
 ParOldGen       total 92672K, used 82046K [0x00000000c0000000, 0x00000000c5a80000, 0x00000000eab00000)
  object space 92672K, 88% used [0x00000000c0000000,0x00000000c501f940,0x00000000c5a80000)
 Metaspace       used 63977K, committed 65088K, reserved 1114112K
  class space    used 7403K, committed 7872K, reserved 1048576K
}
Event: 13.986 GC heap after
{Heap after GC invocations=50 (full 4):
 PSYoungGen      total 11776K, used 1884K [0x00000000eab00000, 0x00000000eb880000, 0x0000000100000000)
  eden space 9728K, 0% used [0x00000000eab00000,0x00000000eab00000,0x00000000eb480000)
  from space 2048K, 91% used [0x00000000eb480000,0x00000000eb657020,0x00000000eb680000)
  to   space 2048K, 0% used [0x00000000eb680000,0x00000000eb680000,0x00000000eb880000)
 ParOldGen       total 92672K, used 83721K [0x00000000c0000000, 0x00000000c5a80000, 0x00000000eab00000)
  object space 92672K, 90% used [0x00000000c0000000,0x00000000c51c26d0,0x00000000c5a80000)
 Metaspace       used 63977K, committed 65088K, reserved 1114112K
  class space    used 7403K, committed 7872K, reserved 1048576K
}
Event: 14.038 GC heap before
{Heap before GC invocations=51 (full 4):
 PSYoungGen      total 11776K, used 11612K [0x00000000eab00000, 0x00000000eb880000, 0x0000000100000000)
  eden space 9728K, 100% used [0x00000000eab00000,0x00000000eb480000,0x00000000eb480000)
  from space 2048K, 91% used [0x00000000eb480000,0x00000000eb657020,0x00000000eb680000)
  to   space 2048K, 0% used [0x00000000eb680000,0x00000000eb680000,0x00000000eb880000)
 ParOldGen       total 92672K, used 83721K [0x00000000c0000000, 0x00000000c5a80000, 0x00000000eab00000)
  object space 92672K, 90% used [0x00000000c0000000,0x00000000c51c26d0,0x00000000c5a80000)
 Metaspace       used 64193K, committed 65344K, reserved 1114112K
  class space    used 7445K, committed 7936K, reserved 1048576K
}
Event: 14.041 GC heap after
{Heap after GC invocations=51 (full 4):
 PSYoungGen      total 11776K, used 1802K [0x00000000eab00000, 0x00000000eb880000, 0x0000000100000000)
  eden space 9728K, 0% used [0x00000000eab00000,0x00000000eab00000,0x00000000eb480000)
  from space 2048K, 87% used [0x00000000eb680000,0x00000000eb8428c8,0x00000000eb880000)
  to   space 2048K, 0% used [0x00000000eb480000,0x00000000eb480000,0x00000000eb680000)
 ParOldGen       total 92672K, used 85431K [0x00000000c0000000, 0x00000000c5a80000, 0x00000000eab00000)
  object space 92672K, 92% used [0x00000000c0000000,0x00000000c536dea0,0x00000000c5a80000)
 Metaspace       used 64193K, committed 65344K, reserved 1114112K
  class space    used 7445K, committed 7936K, reserved 1048576K
}
Event: 14.078 GC heap before
{Heap before GC invocations=52 (full 4):
 PSYoungGen      total 11776K, used 11530K [0x00000000eab00000, 0x00000000eb880000, 0x0000000100000000)
  eden space 9728K, 100% used [0x00000000eab00000,0x00000000eb480000,0x00000000eb480000)
  from space 2048K, 87% used [0x00000000eb680000,0x00000000eb8428c8,0x00000000eb880000)
  to   space 2048K, 0% used [0x00000000eb480000,0x00000000eb480000,0x00000000eb680000)
 ParOldGen       total 92672K, used 85431K [0x00000000c0000000, 0x00000000c5a80000, 0x00000000eab00000)
  object space 92672K, 92% used [0x00000000c0000000,0x00000000c536dea0,0x00000000c5a80000)
 Metaspace       used 64371K, committed 65472K, reserved 1114112K
  class space    used 7476K, committed 7936K, reserved 1048576K
}
Event: 14.081 GC heap after
{Heap after GC invocations=52 (full 4):
 PSYoungGen      total 11776K, used 2019K [0x00000000eab00000, 0x00000000ebd80000, 0x0000000100000000)
  eden space 9728K, 0% used [0x00000000eab00000,0x00000000eab00000,0x00000000eb480000)
  from space 2048K, 98% used [0x00000000eb480000,0x00000000eb678d00,0x00000000eb680000)
  to   space 4608K, 0% used [0x00000000eb900000,0x00000000eb900000,0x00000000ebd80000)
 ParOldGen       total 92672K, used 87191K [0x00000000c0000000, 0x00000000c5a80000, 0x00000000eab00000)
  object space 92672K, 94% used [0x00000000c0000000,0x00000000c5525fe0,0x00000000c5a80000)
 Metaspace       used 64371K, committed 65472K, reserved 1114112K
  class space    used 7476K, committed 7936K, reserved 1048576K
}
Event: 14.128 GC heap before
{Heap before GC invocations=53 (full 4):
 PSYoungGen      total 11776K, used 11742K [0x00000000eab00000, 0x00000000ebd80000, 0x0000000100000000)
  eden space 9728K, 99% used [0x00000000eab00000,0x00000000eb47ecb0,0x00000000eb480000)
  from space 2048K, 98% used [0x00000000eb480000,0x00000000eb678d00,0x00000000eb680000)
  to   space 4608K, 0% used [0x00000000eb900000,0x00000000eb900000,0x00000000ebd80000)
 ParOldGen       total 92672K, used 87191K [0x00000000c0000000, 0x00000000c5a80000, 0x00000000eab00000)
  object space 92672K, 94% used [0x00000000c0000000,0x00000000c5525fe0,0x00000000c5a80000)
 Metaspace       used 64620K, committed 65664K, reserved 1114112K
  class space    used 7501K, committed 7936K, reserved 1048576K
}
Event: 14.131 GC heap after
{Heap after GC invocations=53 (full 4):
 PSYoungGen      total 11776K, used 1862K [0x00000000eab00000, 0x00000000ebb00000, 0x0000000100000000)
  eden space 9728K, 0% used [0x00000000eab00000,0x00000000eab00000,0x00000000eb480000)
  from space 2048K, 90% used [0x00000000eb900000,0x00000000ebad1938,0x00000000ebb00000)
  to   space 2560K, 0% used [0x00000000eb600000,0x00000000eb600000,0x00000000eb880000)
 ParOldGen       total 92672K, used 89198K [0x00000000c0000000, 0x00000000c5a80000, 0x00000000eab00000)
  object space 92672K, 96% used [0x00000000c0000000,0x00000000c571b8e0,0x00000000c5a80000)
 Metaspace       used 64620K, committed 65664K, reserved 1114112K
  class space    used 7501K, committed 7936K, reserved 1048576K
}
Event: 14.189 GC heap before
{Heap before GC invocations=54 (full 4):
 PSYoungGen      total 11776K, used 11590K [0x00000000eab00000, 0x00000000ebb00000, 0x0000000100000000)
  eden space 9728K, 100% used [0x00000000eab00000,0x00000000eb480000,0x00000000eb480000)
  from space 2048K, 90% used [0x00000000eb900000,0x00000000ebad1938,0x00000000ebb00000)
  to   space 2560K, 0% used [0x00000000eb600000,0x00000000eb600000,0x00000000eb880000)
 ParOldGen       total 92672K, used 89198K [0x00000000c0000000, 0x00000000c5a80000, 0x00000000eab00000)
  object space 92672K, 96% used [0x00000000c0000000,0x00000000c571b8e0,0x00000000c5a80000)
 Metaspace       used 64912K, committed 66048K, reserved 1114112K
  class space    used 7526K, committed 8000K, reserved 1048576K
}
Event: 14.192 GC heap after
{Heap after GC invocations=54 (full 4):
 PSYoungGen      total 11776K, used 1766K [0x00000000eab00000, 0x00000000eb980000, 0x0000000100000000)
  eden space 9728K, 0% used [0x00000000eab00000,0x00000000eab00000,0x00000000eb480000)
  from space 2048K, 86% used [0x00000000eb600000,0x00000000eb7b98c8,0x00000000eb800000)
  to   space 1536K, 0% used [0x00000000eb800000,0x00000000eb800000,0x00000000eb980000)
 ParOldGen       total 92672K, used 90943K [0x00000000c0000000, 0x00000000c5a80000, 0x00000000eab00000)
  object space 92672K, 98% used [0x00000000c0000000,0x00000000c58cffb0,0x00000000c5a80000)
 Metaspace       used 64912K, committed 66048K, reserved 1114112K
  class space    used 7526K, committed 8000K, reserved 1048576K
}
Event: 14.192 GC heap before
{Heap before GC invocations=55 (full 5):
 PSYoungGen      total 11776K, used 1766K [0x00000000eab00000, 0x00000000eb980000, 0x0000000100000000)
  eden space 9728K, 0% used [0x00000000eab00000,0x00000000eab00000,0x00000000eb480000)
  from space 2048K, 86% used [0x00000000eb600000,0x00000000eb7b98c8,0x00000000eb800000)
  to   space 1536K, 0% used [0x00000000eb800000,0x00000000eb800000,0x00000000eb980000)
 ParOldGen       total 92672K, used 90943K [0x00000000c0000000, 0x00000000c5a80000, 0x00000000eab00000)
  object space 92672K, 98% used [0x00000000c0000000,0x00000000c58cffb0,0x00000000c5a80000)
 Metaspace       used 64912K, committed 66048K, reserved 1114112K
  class space    used 7526K, committed 8000K, reserved 1048576K
}
Event: 14.286 GC heap after
{Heap after GC invocations=55 (full 5):
 PSYoungGen      total 10240K, used 0K [0x00000000eab00000, 0x00000000eb880000, 0x0000000100000000)
  eden space 9728K, 0% used [0x00000000eab00000,0x00000000eab00000,0x00000000eb480000)
  from space 512K, 0% used [0x00000000eb800000,0x00000000eb800000,0x00000000eb880000)
  to   space 2048K, 0% used [0x00000000eb480000,0x00000000eb480000,0x00000000eb680000)
 ParOldGen       total 116224K, used 89639K [0x00000000c0000000, 0x00000000c7180000, 0x00000000eab00000)
  object space 116224K, 77% used [0x00000000c0000000,0x00000000c5789dc0,0x00000000c7180000)
 Metaspace       used 64911K, committed 66048K, reserved 1114112K
  class space    used 7526K, committed 8000K, reserved 1048576K
}
Event: 14.392 GC heap before
{Heap before GC invocations=56 (full 5):
 PSYoungGen      total 10240K, used 9728K [0x00000000eab00000, 0x00000000eb880000, 0x0000000100000000)
  eden space 9728K, 100% used [0x00000000eab00000,0x00000000eb480000,0x00000000eb480000)
  from space 512K, 0% used [0x00000000eb800000,0x00000000eb800000,0x00000000eb880000)
  to   space 2048K, 0% used [0x00000000eb480000,0x00000000eb480000,0x00000000eb680000)
 ParOldGen       total 116224K, used 89639K [0x00000000c0000000, 0x00000000c7180000, 0x00000000eab00000)
  object space 116224K, 77% used [0x00000000c0000000,0x00000000c5789dc0,0x00000000c7180000)
 Metaspace       used 64989K, committed 66112K, reserved 1114112K
  class space    used 7539K, committed 8000K, reserved 1048576K
}
Event: 14.393 GC heap after
{Heap after GC invocations=56 (full 5):
 PSYoungGen      total 11776K, used 1950K [0x00000000eab00000, 0x00000000eb880000, 0x0000000100000000)
  eden space 9728K, 0% used [0x00000000eab00000,0x00000000eab00000,0x00000000eb480000)
  from space 2048K, 95% used [0x00000000eb480000,0x00000000eb667a60,0x00000000eb680000)
  to   space 2048K, 0% used [0x00000000eb680000,0x00000000eb680000,0x00000000eb880000)
 ParOldGen       total 116224K, used 89639K [0x00000000c0000000, 0x00000000c7180000, 0x00000000eab00000)
  object space 116224K, 77% used [0x00000000c0000000,0x00000000c5789dc0,0x00000000c7180000)
 Metaspace       used 64989K, committed 66112K, reserved 1114112K
  class space    used 7539K, committed 8000K, reserved 1048576K
}
Event: 14.466 GC heap before
{Heap before GC invocations=57 (full 5):
 PSYoungGen      total 11776K, used 11678K [0x00000000eab00000, 0x00000000eb880000, 0x0000000100000000)
  eden space 9728K, 100% used [0x00000000eab00000,0x00000000eb480000,0x00000000eb480000)
  from space 2048K, 95% used [0x00000000eb480000,0x00000000eb667a60,0x00000000eb680000)
  to   space 2048K, 0% used [0x00000000eb680000,0x00000000eb680000,0x00000000eb880000)
 ParOldGen       total 116224K, used 89639K [0x00000000c0000000, 0x00000000c7180000, 0x00000000eab00000)
  object space 116224K, 77% used [0x00000000c0000000,0x00000000c5789dc0,0x00000000c7180000)
 Metaspace       used 64989K, committed 66112K, reserved 1114112K
  class space    used 7539K, committed 8000K, reserved 1048576K
}
Event: 14.468 GC heap after
{Heap after GC invocations=57 (full 5):
 PSYoungGen      total 9216K, used 2034K [0x00000000eab00000, 0x00000000ebd80000, 0x0000000100000000)
  eden space 7168K, 0% used [0x00000000eab00000,0x00000000eab00000,0x00000000eb200000)
  from space 2048K, 99% used [0x00000000eb680000,0x00000000eb87ca20,0x00000000eb880000)
  to   space 4608K, 0% used [0x00000000eb200000,0x00000000eb200000,0x00000000eb680000)
 ParOldGen       total 116224K, used 91495K [0x00000000c0000000, 0x00000000c7180000, 0x00000000eab00000)
  object space 116224K, 78% used [0x00000000c0000000,0x00000000c5959d30,0x00000000c7180000)
 Metaspace       used 64989K, committed 66112K, reserved 1114112K
  class space    used 7539K, committed 8000K, reserved 1048576K
}
Event: 14.506 GC heap before
{Heap before GC invocations=58 (full 5):
 PSYoungGen      total 9216K, used 9202K [0x00000000eab00000, 0x00000000ebd80000, 0x0000000100000000)
  eden space 7168K, 100% used [0x00000000eab00000,0x00000000eb200000,0x00000000eb200000)
  from space 2048K, 99% used [0x00000000eb680000,0x00000000eb87ca20,0x00000000eb880000)
  to   space 4608K, 0% used [0x00000000eb200000,0x00000000eb200000,0x00000000eb680000)
 ParOldGen       total 116224K, used 91495K [0x00000000c0000000, 0x00000000c7180000, 0x00000000eab00000)
  object space 116224K, 78% used [0x00000000c0000000,0x00000000c5959d30,0x00000000c7180000)
 Metaspace       used 64989K, committed 66112K, reserved 1114112K
  class space    used 7539K, committed 8000K, reserved 1048576K
}
Event: 14.509 GC heap after
{Heap after GC invocations=58 (full 5):
 PSYoungGen      total 9216K, used 1752K [0x00000000eab00000, 0x00000000eb700000, 0x0000000100000000)
  eden space 7168K, 0% used [0x00000000eab00000,0x00000000eab00000,0x00000000eb200000)
  from space 2048K, 85% used [0x00000000eb200000,0x00000000eb3b60c8,0x00000000eb400000)
  to   space 2560K, 0% used [0x00000000eb480000,0x00000000eb480000,0x00000000eb700000)
 ParOldGen       total 116224K, used 93548K [0x00000000c0000000, 0x00000000c7180000, 0x00000000eab00000)
  object space 116224K, 80% used [0x00000000c0000000,0x00000000c5b5b258,0x00000000c7180000)
 Metaspace       used 64989K, committed 66112K, reserved 1114112K
  class space    used 7539K, committed 8000K, reserved 1048576K
}

Dll operation events (14 events):
Event: 0.024 Loaded shared library c:\Users\JEAN DAVID\.vscode\extensions\redhat.java-1.25.1-win32-x64\jre\17.0.9-win32-x86_64\bin\java.dll
Event: 0.371 Loaded shared library c:\Users\JEAN DAVID\.vscode\extensions\redhat.java-1.25.1-win32-x64\jre\17.0.9-win32-x86_64\bin\zip.dll
Event: 0.385 Loaded shared library C:\Users\JEAN DAVID\.vscode\extensions\redhat.java-1.25.1-win32-x64\jre\17.0.9-win32-x86_64\bin\instrument.dll
Event: 0.407 Loaded shared library C:\Users\JEAN DAVID\.vscode\extensions\redhat.java-1.25.1-win32-x64\jre\17.0.9-win32-x86_64\bin\net.dll
Event: 0.417 Loaded shared library C:\Users\JEAN DAVID\.vscode\extensions\redhat.java-1.25.1-win32-x64\jre\17.0.9-win32-x86_64\bin\nio.dll
Event: 0.429 Loaded shared library C:\Users\JEAN DAVID\.vscode\extensions\redhat.java-1.25.1-win32-x64\jre\17.0.9-win32-x86_64\bin\zip.dll
Event: 0.481 Loaded shared library C:\Users\JEAN DAVID\.vscode\extensions\redhat.java-1.25.1-win32-x64\jre\17.0.9-win32-x86_64\bin\jimage.dll
Event: 0.796 Loaded shared library c:\Users\JEAN DAVID\.vscode\extensions\redhat.java-1.25.1-win32-x64\jre\17.0.9-win32-x86_64\bin\verify.dll
Event: 3.331 Loaded shared library C:\Users\JEAN DAVID\AppData\Roaming\Code\User\globalStorage\redhat.java\1.25.1\config_win\org.eclipse.equinox.launcher\org.eclipse.equinox.launcher.win32.win32.x86_64_1.2.800.v20231003-1442\eclipse_11802.dll
Event: 8.273 Loaded shared library C:\Users\JEAN DAVID\AppData\Local\Temp\jna-1282882268\jna8153356098493129793.dll
Event: 9.499 Loaded shared library C:\Users\JEAN DAVID\.vscode\extensions\redhat.java-1.25.1-win32-x64\jre\17.0.9-win32-x86_64\bin\sunmscapi.dll
Event: 11.116 Loaded shared library C:\Users\JEAN DAVID\.gradle\native\68d5fa5c4cc2d200863cafc0d521ce42e7d3e7ee720ec0a83991735586a16f82\windows-amd64\native-platform.dll
Event: 13.699 Loaded shared library C:\Users\JEAN DAVID\.vscode\extensions\redhat.java-1.25.1-win32-x64\jre\17.0.9-win32-x86_64\bin\management.dll
Event: 13.712 Loaded shared library C:\Users\JEAN DAVID\.vscode\extensions\redhat.java-1.25.1-win32-x64\jre\17.0.9-win32-x86_64\bin\management_ext.dll

Deoptimization events (20 events):
Event: 14.513 Thread 0x00000216272160f0 DEOPT PACKING pc=0x000002160fd11305 sp=0x0000004ff60fe7f0
Event: 14.514 Thread 0x00000216272160f0 DEOPT UNPACKING pc=0x0000021616566e43 sp=0x0000004ff60fdd18 mode 0
Event: 14.518 Thread 0x00000216272160f0 DEOPT PACKING pc=0x000002160fbe28e3 sp=0x0000004ff60fe7b0
Event: 14.518 Thread 0x00000216272160f0 DEOPT UNPACKING pc=0x0000021616566e43 sp=0x0000004ff60fdd18 mode 0
Event: 14.521 Thread 0x00000216272160f0 DEOPT PACKING pc=0x000002160fd11305 sp=0x0000004ff60fe7f0
Event: 14.521 Thread 0x00000216272160f0 DEOPT UNPACKING pc=0x0000021616566e43 sp=0x0000004ff60fdd18 mode 0
Event: 14.523 Thread 0x00000216272160f0 DEOPT PACKING pc=0x000002160fbe28e3 sp=0x0000004ff60fe7b0
Event: 14.523 Thread 0x00000216272160f0 DEOPT UNPACKING pc=0x0000021616566e43 sp=0x0000004ff60fdd18 mode 0
Event: 14.531 Thread 0x00000216272160f0 DEOPT PACKING pc=0x000002160fbe2963 sp=0x0000004ff60fe7b0
Event: 14.531 Thread 0x00000216272160f0 DEOPT UNPACKING pc=0x0000021616566e43 sp=0x0000004ff60fdd18 mode 0
Event: 14.531 Thread 0x00000216272160f0 DEOPT PACKING pc=0x000002160fd11305 sp=0x0000004ff60fe7f0
Event: 14.531 Thread 0x00000216272160f0 DEOPT UNPACKING pc=0x0000021616566e43 sp=0x0000004ff60fdd18 mode 0
Event: 14.536 Thread 0x00000216272160f0 DEOPT PACKING pc=0x000002160fbe2963 sp=0x0000004ff60fe7b0
Event: 14.536 Thread 0x00000216272160f0 DEOPT UNPACKING pc=0x0000021616566e43 sp=0x0000004ff60fdd18 mode 0
Event: 14.545 Thread 0x00000216272160f0 DEOPT PACKING pc=0x000002160fbe2963 sp=0x0000004ff60fe7b0
Event: 14.545 Thread 0x00000216272160f0 DEOPT UNPACKING pc=0x0000021616566e43 sp=0x0000004ff60fdd18 mode 0
Event: 14.545 Thread 0x00000216272160f0 DEOPT PACKING pc=0x000002160fd11305 sp=0x0000004ff60fe7f0
Event: 14.545 Thread 0x00000216272160f0 DEOPT UNPACKING pc=0x0000021616566e43 sp=0x0000004ff60fdd18 mode 0
Event: 14.548 Thread 0x00000216272160f0 DEOPT PACKING pc=0x000002160fbe2b08 sp=0x0000004ff60fe7b0
Event: 14.548 Thread 0x00000216272160f0 DEOPT UNPACKING pc=0x0000021616566e43 sp=0x0000004ff60fdd18 mode 0

Classes unloaded (8 events):
Event: 7.858 Thread 0x00000216252614b0 Unloading class 0x0000000100250000 'java/lang/invoke/LambdaForm$MH+0x0000000100250000'
Event: 7.858 Thread 0x00000216252614b0 Unloading class 0x000000010024fc00 'java/lang/invoke/LambdaForm$MH+0x000000010024fc00'
Event: 7.858 Thread 0x00000216252614b0 Unloading class 0x000000010024f800 'java/lang/invoke/LambdaForm$MH+0x000000010024f800'
Event: 7.858 Thread 0x00000216252614b0 Unloading class 0x000000010024f400 'java/lang/invoke/LambdaForm$MH+0x000000010024f400'
Event: 7.858 Thread 0x00000216252614b0 Unloading class 0x000000010024f000 'java/lang/invoke/LambdaForm$BMH+0x000000010024f000'
Event: 7.858 Thread 0x00000216252614b0 Unloading class 0x000000010024ec00 'java/lang/invoke/LambdaForm$DMH+0x000000010024ec00'
Event: 7.858 Thread 0x00000216252614b0 Unloading class 0x000000010024c000 'java/lang/invoke/LambdaForm$DMH+0x000000010024c000'
Event: 14.211 Thread 0x00000216252614b0 Unloading class 0x00000001007d0400 'java/lang/invoke/LambdaForm$DMH+0x00000001007d0400'

Classes redefined (0 events):
No events

Internal exceptions (20 events):
Event: 11.674 Thread 0x0000021627216b10 Exception <a 'sun/nio/fs/WindowsException'{0x00000000ebe478e0}> (0x00000000ebe478e0) 
thrown [s\src\hotspot\share\prims\jni.cpp, line 516]
Event: 11.675 Thread 0x0000021627216b10 Exception <a 'sun/nio/fs/WindowsException'{0x00000000ebe4c238}> (0x00000000ebe4c238) 
thrown [s\src\hotspot\share\prims\jni.cpp, line 516]
Event: 11.675 Thread 0x0000021627216b10 Exception <a 'sun/nio/fs/WindowsException'{0x00000000ebe4c808}> (0x00000000ebe4c808) 
thrown [s\src\hotspot\share\prims\jni.cpp, line 516]
Event: 11.676 Thread 0x0000021627216b10 Exception <a 'sun/nio/fs/WindowsException'{0x00000000ebe4cde0}> (0x00000000ebe4cde0) 
thrown [s\src\hotspot\share\prims\jni.cpp, line 516]
Event: 11.676 Thread 0x0000021627216b10 Exception <a 'sun/nio/fs/WindowsException'{0x00000000ebe4d3c8}> (0x00000000ebe4d3c8) 
thrown [s\src\hotspot\share\prims\jni.cpp, line 516]
Event: 11.677 Thread 0x0000021627216b10 Exception <a 'sun/nio/fs/WindowsException'{0x00000000ebe51a88}> (0x00000000ebe51a88) 
thrown [s\src\hotspot\share\prims\jni.cpp, line 516]
Event: 11.677 Thread 0x0000021627216b10 Exception <a 'sun/nio/fs/WindowsException'{0x00000000ebe52038}> (0x00000000ebe52038) 
thrown [s\src\hotspot\share\prims\jni.cpp, line 516]
Event: 11.677 Thread 0x0000021627216b10 Exception <a 'sun/nio/fs/WindowsException'{0x00000000ebe525e8}> (0x00000000ebe525e8) 
thrown [s\src\hotspot\share\prims\jni.cpp, line 516]
Event: 11.677 Thread 0x0000021627216b10 Exception <a 'sun/nio/fs/WindowsException'{0x00000000ebe52bb0}> (0x00000000ebe52bb0) 
thrown [s\src\hotspot\share\prims\jni.cpp, line 516]
Event: 11.704 Thread 0x00000216272156d0 Exception <a 'java/io/FileNotFoundException'{0x00000000eab68350}> (0x00000000eab68350) 
thrown [s\src\hotspot\share\prims\jni.cpp, line 516]
Event: 11.712 Thread 0x00000216272156d0 Exception <a 'java/io/FileNotFoundException'{0x00000000eab6aaa8}> (0x00000000eab6aaa8) 
thrown [s\src\hotspot\share\prims\jni.cpp, line 516]
Event: 11.743 Thread 0x0000021627216b10 Exception <a 'java/lang/NoSuchMethodError'{0x00000000eae75680}: 'int java.lang.invoke.DirectMethodHandle$Holder.invokeVirtual(java.lang.Object, java.lang.Object)'> (0x00000000eae75680) 
thrown [s\src\hotspot\share\interpreter\linkResolver.cpp, line 759]
Event: 11.779 Thread 0x00000216272156d0 Exception <a 'java/io/FileNotFoundException'{0x00000000eafc1f08}> (0x00000000eafc1f08) 
thrown [s\src\hotspot\share\prims\jni.cpp, line 516]
Event: 11.780 Thread 0x00000216272156d0 Exception <a 'java/io/FileNotFoundException'{0x00000000eafc2f50}> (0x00000000eafc2f50) 
thrown [s\src\hotspot\share\prims\jni.cpp, line 516]
Event: 12.601 Thread 0x00000216272160f0 Implicit null exception at 0x0000021616e1deac to 0x0000021616e1dfcc
Event: 13.628 Thread 0x000002162897afe0 Exception <a 'java/lang/NoClassDefFoundError'{0x00000000eb0c0688}: org/slf4j/impl/StaticMarkerBinder> (0x00000000eb0c0688) 
thrown [s\src\hotspot\share\classfile\systemDictionary.cpp, line 245]
Event: 14.033 Thread 0x000002162897afe0 Exception <a 'java/lang/NoSuchMethodError'{0x00000000eb3bc878}: 'int java.lang.invoke.DirectMethodHandle$Holder.invokeVirtual(java.lang.Object, java.lang.Object, java.lang.Object)'> (0x00000000eb3bc878) 
thrown [s\src\hotspot\share\interpreter\linkResolver.cpp, line 759]
Event: 14.033 Thread 0x0000021628976900 Exception <a 'java/lang/NoSuchMethodError'{0x00000000eb3c1c00}: 'int java.lang.invoke.DirectMethodHandle$Holder.invokeVirtual(java.lang.Object, java.lang.Object, java.lang.Object)'> (0x00000000eb3c1c00) 
thrown [s\src\hotspot\share\interpreter\linkResolver.cpp, line 759]
Event: 14.319 Thread 0x0000021628976e10 Exception <a 'java/lang/NoSuchMethodError'{0x00000000eaf3cdd0}: 'void java.lang.invoke.DirectMethodHandle$Holder.invokeStatic(java.lang.Object, long)'> (0x00000000eaf3cdd0) 
thrown [s\src\hotspot\share\interpreter\linkResolver.cpp, line 759]
Event: 14.321 Thread 0x0000021628976e10 Exception <a 'java/lang/NoSuchMethodError'{0x00000000eaf42178}: 'java.lang.Object java.lang.invoke.DirectMethodHandle$Holder.newInvokeSpecial(java.lang.Object, long)'> (0x00000000eaf42178) 
thrown [s\src\hotspot\share\interpreter\linkResolver.cpp, line 759]

VM Operations (20 events):
Event: 13.941 Executing VM operation: ParallelGCFailedAllocation
Event: 13.944 Executing VM operation: ParallelGCFailedAllocation done
Event: 13.983 Executing VM operation: ParallelGCFailedAllocation
Event: 13.986 Executing VM operation: ParallelGCFailedAllocation done
Event: 14.037 Executing VM operation: ParallelGCFailedAllocation
Event: 14.041 Executing VM operation: ParallelGCFailedAllocation done
Event: 14.078 Executing VM operation: ParallelGCFailedAllocation
Event: 14.081 Executing VM operation: ParallelGCFailedAllocation done
Event: 14.128 Executing VM operation: ParallelGCFailedAllocation
Event: 14.131 Executing VM operation: ParallelGCFailedAllocation done
Event: 14.189 Executing VM operation: ParallelGCFailedAllocation
Event: 14.287 Executing VM operation: ParallelGCFailedAllocation done
Event: 14.324 Executing VM operation: HandshakeAllThreads
Event: 14.324 Executing VM operation: HandshakeAllThreads done
Event: 14.392 Executing VM operation: ParallelGCFailedAllocation
Event: 14.393 Executing VM operation: ParallelGCFailedAllocation done
Event: 14.466 Executing VM operation: ParallelGCFailedAllocation
Event: 14.468 Executing VM operation: ParallelGCFailedAllocation done
Event: 14.506 Executing VM operation: ParallelGCFailedAllocation
Event: 14.510 Executing VM operation: ParallelGCFailedAllocation done

Events (20 events):
Event: 13.832 loading class java/util/concurrent/ConcurrentSkipListMap$EntryIterator done
Event: 13.865 loading class java/security/DigestInputStream
Event: 13.865 loading class java/security/DigestInputStream done
Event: 13.880 Thread 0x000002162897c930 Thread added: 0x000002162897c930
Event: 13.881 Thread 0x0000021628976900 Thread added: 0x0000021628976900
Event: 13.935 loading class java/util/AbstractList$ListItr
Event: 13.935 loading class java/util/AbstractList$ListItr done
Event: 14.303 Thread 0x0000021628976e10 Thread added: 0x0000021628976e10
Event: 14.305 loading class java/lang/ProcessBuilder
Event: 14.306 loading class java/lang/ProcessBuilder done
Event: 14.310 loading class java/lang/ProcessImpl
Event: 14.311 loading class java/lang/ProcessImpl done
Event: 14.322 loading class java/lang/ProcessImpl$2
Event: 14.322 loading class java/lang/ProcessImpl$2 done
Event: 14.322 loading class java/lang/Process$PipeInputStream
Event: 14.322 loading class java/lang/Process$PipeInputStream done
Event: 14.324 loading class jdk/internal/event/ProcessStartEvent
Event: 14.324 loading class jdk/internal/event/ProcessStartEvent done
Event: 14.326 Thread 0x0000021628977d40 Thread added: 0x0000021628977d40
Event: 14.327 Thread 0x0000021628978250 Thread added: 0x0000021628978250


Dynamic libraries:
0x00007ff698450000 - 0x00007ff69845e000 	c:\Users\JEAN DAVID\.vscode\extensions\redhat.java-1.25.1-win32-x64\jre\17.0.9-win32-x86_64\bin\java.exe
0x00007ffc39d90000 - 0x00007ffc39fa4000 	C:\Windows\SYSTEM32\ntdll.dll
0x00007ffc38ce0000 - 0x00007ffc38da2000 	C:\Windows\System32\KERNEL32.DLL
0x00007ffc37620000 - 0x00007ffc379c3000 	C:\Windows\System32\KERNELBASE.dll
0x00007ffc37500000 - 0x00007ffc37611000 	C:\Windows\System32\ucrtbase.dll
0x00007ffc169f0000 - 0x00007ffc16a0b000 	c:\Users\JEAN DAVID\.vscode\extensions\redhat.java-1.25.1-win32-x64\jre\17.0.9-win32-x86_64\bin\VCRUNTIME140.dll
0x00007ffc1ea30000 - 0x00007ffc1ea47000 	c:\Users\JEAN DAVID\.vscode\extensions\redhat.java-1.25.1-win32-x64\jre\17.0.9-win32-x86_64\bin\jli.dll
0x00007ffc391b0000 - 0x00007ffc3935b000 	C:\Windows\System32\USER32.dll
0x00007ffc379d0000 - 0x00007ffc379f6000 	C:\Windows\System32\win32u.dll
0x00007ffc39690000 - 0x00007ffc396b9000 	C:\Windows\System32\GDI32.dll
0x00007ffc37270000 - 0x00007ffc37389000 	C:\Windows\System32\gdi32full.dll
0x00007ffc37160000 - 0x00007ffc371fa000 	C:\Windows\System32\msvcp_win.dll
0x00007ffc1f4a0000 - 0x00007ffc1f72e000 	C:\Windows\WinSxS\amd64_microsoft.windows.common-controls_6595b64144ccf1df_6.0.22621.1635_none_270f70857386168e\COMCTL32.dll
0x00007ffc39c70000 - 0x00007ffc39d17000 	C:\Windows\System32\msvcrt.dll
0x00007ffc39b70000 - 0x00007ffc39ba1000 	C:\Windows\System32\IMM32.DLL
0x00007ffc31f00000 - 0x00007ffc31f0c000 	c:\Users\JEAN DAVID\.vscode\extensions\redhat.java-1.25.1-win32-x64\jre\17.0.9-win32-x86_64\bin\vcruntime140_1.dll
0x00007ffc0aed0000 - 0x00007ffc0af5d000 	c:\Users\JEAN DAVID\.vscode\extensions\redhat.java-1.25.1-win32-x64\jre\17.0.9-win32-x86_64\bin\msvcp140.dll
0x00007ffb81650000 - 0x00007ffb822b1000 	c:\Users\JEAN DAVID\.vscode\extensions\redhat.java-1.25.1-win32-x64\jre\17.0.9-win32-x86_64\bin\server\jvm.dll
0x00007ffc37d20000 - 0x00007ffc37dce000 	C:\Windows\System32\ADVAPI32.dll
0x00007ffc39bc0000 - 0x00007ffc39c64000 	C:\Windows\System32\sechost.dll
0x00007ffc39a50000 - 0x00007ffc39b67000 	C:\Windows\System32\RPCRT4.dll
0x00007ffc1f070000 - 0x00007ffc1f079000 	C:\Windows\SYSTEM32\WSOCK32.dll
0x00007ffc36070000 - 0x00007ffc360bd000 	C:\Windows\SYSTEM32\POWRPROF.dll
0x00007ffc38670000 - 0x00007ffc386e1000 	C:\Windows\System32\WS2_32.dll
0x00007ffc30060000 - 0x00007ffc30094000 	C:\Windows\SYSTEM32\WINMM.dll
0x00007ffc300a0000 - 0x00007ffc300aa000 	C:\Windows\SYSTEM32\VERSION.dll
0x00007ffc36050000 - 0x00007ffc36063000 	C:\Windows\SYSTEM32\UMPDC.dll
0x00007ffc362a0000 - 0x00007ffc362b8000 	C:\Windows\SYSTEM32\kernel.appcore.dll
0x00007ffc2f790000 - 0x00007ffc2f79a000 	c:\Users\JEAN DAVID\.vscode\extensions\redhat.java-1.25.1-win32-x64\jre\17.0.9-win32-x86_64\bin\jimage.dll
0x00007ffc34b70000 - 0x00007ffc34d9e000 	C:\Windows\SYSTEM32\DBGHELP.DLL
0x00007ffc396c0000 - 0x00007ffc39a49000 	C:\Windows\System32\combase.dll
0x00007ffc386f0000 - 0x00007ffc387c7000 	C:\Windows\System32\OLEAUT32.dll
0x00007ffc10a50000 - 0x00007ffc10a82000 	C:\Windows\SYSTEM32\dbgcore.DLL
0x00007ffc37a00000 - 0x00007ffc37a7b000 	C:\Windows\System32\bcryptPrimitives.dll
0x00007ffc2a880000 - 0x00007ffc2a88e000 	c:\Users\JEAN DAVID\.vscode\extensions\redhat.java-1.25.1-win32-x64\jre\17.0.9-win32-x86_64\bin\instrument.dll
0x00007ffc155e0000 - 0x00007ffc15605000 	c:\Users\JEAN DAVID\.vscode\extensions\redhat.java-1.25.1-win32-x64\jre\17.0.9-win32-x86_64\bin\java.dll
0x00007ffc169d0000 - 0x00007ffc169e8000 	c:\Users\JEAN DAVID\.vscode\extensions\redhat.java-1.25.1-win32-x64\jre\17.0.9-win32-x86_64\bin\zip.dll
0x00007ffc37dd0000 - 0x00007ffc385ca000 	C:\Windows\System32\SHELL32.dll
0x00007ffc35170000 - 0x00007ffc35a3e000 	C:\Windows\SYSTEM32\windows.storage.dll
0x00007ffc35030000 - 0x00007ffc3516e000 	C:\Windows\SYSTEM32\wintypes.dll
0x00007ffc39360000 - 0x00007ffc39451000 	C:\Windows\System32\SHCORE.dll
0x00007ffc39630000 - 0x00007ffc3968e000 	C:\Windows\System32\shlwapi.dll
0x00007ffc37090000 - 0x00007ffc370b1000 	C:\Windows\SYSTEM32\profapi.dll
0x00007ffc15200000 - 0x00007ffc15219000 	C:\Users\JEAN DAVID\.vscode\extensions\redhat.java-1.25.1-win32-x64\jre\17.0.9-win32-x86_64\bin\net.dll
0x00007ffc30980000 - 0x00007ffc30ab7000 	C:\Windows\SYSTEM32\WINHTTP.dll
0x00007ffc36710000 - 0x00007ffc36779000 	C:\Windows\system32\mswsock.dll
0x00007ffc150c0000 - 0x00007ffc150d6000 	C:\Users\JEAN DAVID\.vscode\extensions\redhat.java-1.25.1-win32-x64\jre\17.0.9-win32-x86_64\bin\nio.dll
0x00007ffc25d40000 - 0x00007ffc25d50000 	c:\Users\JEAN DAVID\.vscode\extensions\redhat.java-1.25.1-win32-x64\jre\17.0.9-win32-x86_64\bin\verify.dll
0x00007ffc0c560000 - 0x00007ffc0c59e000 	C:\Users\JEAN DAVID\AppData\Roaming\Code\User\globalStorage\redhat.java\1.25.1\config_win\org.eclipse.equinox.launcher\org.eclipse.equinox.launcher.win32.win32.x86_64_1.2.800.v20231003-1442\eclipse_11802.dll
0x00007ffc38e60000 - 0x00007ffc38ffc000 	C:\Windows\System32\ole32.dll
0x00007ffc36980000 - 0x00007ffc3699b000 	C:\Windows\SYSTEM32\CRYPTSP.dll
0x00007ffc36210000 - 0x00007ffc36245000 	C:\Windows\system32\rsaenh.dll
0x00007ffc36810000 - 0x00007ffc36838000 	C:\Windows\SYSTEM32\USERENV.dll
0x00007ffc36b30000 - 0x00007ffc36b58000 	C:\Windows\SYSTEM32\bcrypt.dll
0x00007ffc36970000 - 0x00007ffc3697c000 	C:\Windows\SYSTEM32\CRYPTBASE.dll
0x00007ffc35d10000 - 0x00007ffc35d3d000 	C:\Windows\SYSTEM32\IPHLPAPI.DLL
0x00007ffc38c50000 - 0x00007ffc38c59000 	C:\Windows\System32\NSI.dll
0x00007ffc305a0000 - 0x00007ffc305b9000 	C:\Windows\SYSTEM32\dhcpcsvc6.DLL
0x00007ffc30580000 - 0x00007ffc3059f000 	C:\Windows\SYSTEM32\dhcpcsvc.DLL
0x00007ffc35d80000 - 0x00007ffc35e73000 	C:\Windows\SYSTEM32\DNSAPI.dll
0x00007ffc0aca0000 - 0x00007ffc0ace5000 	C:\Users\JEAN DAVID\AppData\Local\Temp\jna-1282882268\jna8153356098493129793.dll
0x00007ffc38660000 - 0x00007ffc38668000 	C:\Windows\System32\PSAPI.DLL
0x00007ffc25cb0000 - 0x00007ffc25cbe000 	C:\Users\JEAN DAVID\.vscode\extensions\redhat.java-1.25.1-win32-x64\jre\17.0.9-win32-x86_64\bin\sunmscapi.dll
0x00007ffc37390000 - 0x00007ffc374f7000 	C:\Windows\System32\CRYPT32.dll
0x00007ffc36b00000 - 0x00007ffc36b2e000 	C:\Windows\SYSTEM32\ncrypt.dll
0x00007ffc36ac0000 - 0x00007ffc36af7000 	C:\Windows\SYSTEM32\NTASN1.dll
0x0000000066720000 - 0x0000000066746000 	C:\Program Files\Bonjour\mdnsNSP.dll
0x00007ffc25920000 - 0x00007ffc2592a000 	C:\Windows\System32\rasadhlp.dll
0x00007ffc2f6f0000 - 0x00007ffc2f774000 	C:\Windows\System32\fwpuclnt.dll
0x00007ffc2b220000 - 0x00007ffc2b247000 	C:\Users\JEAN DAVID\.gradle\native\68d5fa5c4cc2d200863cafc0d521ce42e7d3e7ee720ec0a83991735586a16f82\windows-amd64\native-platform.dll
0x00007ffc24a60000 - 0x00007ffc24a69000 	C:\Users\JEAN DAVID\.vscode\extensions\redhat.java-1.25.1-win32-x64\jre\17.0.9-win32-x86_64\bin\management.dll
0x00007ffc1f1e0000 - 0x00007ffc1f1eb000 	C:\Users\JEAN DAVID\.vscode\extensions\redhat.java-1.25.1-win32-x64\jre\17.0.9-win32-x86_64\bin\management_ext.dll

dbghelp: loaded successfully - version: 4.0.5 - missing functions: none
symbol engine: initialized successfully - sym options: 0x614 - pdb path: .;c:\Users\JEAN DAVID\.vscode\extensions\redhat.java-1.25.1-win32-x64\jre\17.0.9-win32-x86_64\bin;C:\Windows\SYSTEM32;C:\Windows\WinSxS\amd64_microsoft.windows.common-controls_6595b64144ccf1df_6.0.22621.1635_none_270f70857386168e;c:\Users\JEAN DAVID\.vscode\extensions\redhat.java-1.25.1-win32-x64\jre\17.0.9-win32-x86_64\bin\server;C:\Users\JEAN DAVID\AppData\Roaming\Code\User\globalStorage\redhat.java\1.25.1\config_win\org.eclipse.equinox.launcher\org.eclipse.equinox.launcher.win32.win32.x86_64_1.2.800.v20231003-1442;C:\Users\JEAN DAVID\AppData\Local\Temp\jna-1282882268;C:\Program Files\Bonjour;C:\Users\JEAN DAVID\.gradle\native\68d5fa5c4cc2d200863cafc0d521ce42e7d3e7ee720ec0a83991735586a16f82\windows-amd64

VM Arguments:
jvm_args: --add-modules=ALL-SYSTEM --add-opens=java.base/java.util=ALL-UNNAMED --add-opens=java.base/java.lang=ALL-UNNAMED --add-opens=java.base/sun.nio.fs=ALL-UNNAMED -Declipse.application=org.eclipse.jdt.ls.core.id1 -Dosgi.bundles.defaultStartLevel=4 -Declipse.product=org.eclipse.jdt.ls.core.product -Djava.import.generatesMetadataFilesAtProjectRoot=false -DDetectVMInstallationsJob.disabled=true -Dfile.encoding=utf8 -XX:+UseParallelGC -XX:GCTimeRatio=4 -XX:AdaptiveSizePolicyWeight=90 -Dsun.zip.disableMemoryMapping=true -Xmx1G -Xms100m -Xlog:disable -javaagent:c:\Users\JEAN DAVID\.vscode\extensions\redhat.java-1.25.1-win32-x64\lombok\lombok-1.18.30.jar -XX:+HeapDumpOnOutOfMemoryError -XX:HeapDumpPath=c:\Users\JEAN DAVID\AppData\Roaming\Code\User\workspaceStorage\793886428f18fc1711ac6083bee20be0\redhat.java -Daether.dependencyCollector.impl=bf 
java_command: c:\Users\JEAN DAVID\.vscode\extensions\redhat.java-1.25.1-win32-x64\server\plugins\org.eclipse.equinox.launcher_1.6.600.v20231106-1826.jar -configuration c:\Users\JEAN DAVID\AppData\Roaming\Code\User\globalStorage\redhat.java\1.25.1\config_win -data c:\Users\JEAN DAVID\AppData\Roaming\Code\User\workspaceStorage\793886428f18fc1711ac6083bee20be0\redhat.java\jdt_ws --stdio
java_class_path (initial): c:\Users\JEAN DAVID\.vscode\extensions\redhat.java-1.25.1-win32-x64\server\plugins\org.eclipse.equinox.launcher_1.6.600.v20231106-1826.jar
Launcher Type: SUN_STANDARD

[Global flags]
    uintx AdaptiveSizePolicyWeight                 = 90                                        {product} {command line}
     intx CICompilerCount                          = 4                                         {product} {ergonomic}
    uintx GCTimeRatio                              = 4                                         {product} {command line}
     bool HeapDumpOnOutOfMemoryError               = true                                   {manageable} {command line}
    ccstr HeapDumpPath                             = c:\Users\JEAN DAVID\AppData\Roaming\Code\User\workspaceStorage\793886428f18fc1711ac6083bee20be0\redhat.java         {manageable} {command line}
   size_t InitialHeapSize                          = 104857600                                 {product} {command line}
   size_t MaxHeapSize                              = 1073741824                                {product} {command line}
   size_t MaxNewSize                               = 357564416                                 {product} {ergonomic}
   size_t MinHeapDeltaBytes                        = 524288                                    {product} {ergonomic}
   size_t MinHeapSize                              = 104857600                                 {product} {command line}
   size_t NewSize                                  = 34603008                                  {product} {ergonomic}
    uintx NonNMethodCodeHeapSize                   = 5839372                                {pd product} {ergonomic}
    uintx NonProfiledCodeHeapSize                  = 122909434                              {pd product} {ergonomic}
   size_t OldSize                                  = 70254592                                  {product} {ergonomic}
    uintx ProfiledCodeHeapSize                     = 122909434                              {pd product} {ergonomic}
    uintx ReservedCodeCacheSize                    = 251658240                              {pd product} {ergonomic}
     bool SegmentedCodeCache                       = true                                      {product} {ergonomic}
   size_t SoftMaxHeapSize                          = 1073741824                             {manageable} {ergonomic}
     bool UseCompressedClassPointers               = true                           {product lp64_product} {ergonomic}
     bool UseCompressedOops                        = true                           {product lp64_product} {ergonomic}
     bool UseLargePagesIndividualAllocation        = false                                  {pd product} {ergonomic}
     bool UseParallelGC                            = true                                      {product} {command line}

Logging:
Log output configuration:
 #0: stdout all=off uptime,level,tags
 #1: stderr all=off uptime,level,tags

Environment Variables:
PATH=C:\Program Files\Common Files\Oracle\Java\javapath;C:\Program Files (x86)\Common Files\Oracle\Java\javapath;C:\Python312\Scripts\;C:\Python312\;C:\Program Files (x86)\Common Files\Intel\Shared Libraries\redist\intel64\compiler;C:\Windows\system32;C:\Windows;C:\Windows\System32\Wbem;C:\Windows\System32\WindowsPowerShell\v1.0\;C:\Windows\System32\OpenSSH\;C:\Program Files (x86)\dotnet\;C:\ProgramData\chocolatey\bin;C:\Program Files\nodejs\;C:\Program Files\Git\cmd;C:\Users\JEAN DAVID\AppData\Local\Android\Sdk\platform-tools;C:\Program Files (x86)\Java\jre-1.8\bin;C:\Program Files\Java\jdk-21\bin;C:\Users\JEAN DAVID\AppData\Local\Microsoft\WindowsApps;D:\TELECHARGEMENTS\Compressed\flutter\bin;C:\Users\JEAN DAVID\AppData\Roaming\npm;C:\Users\JEAN DAVID\AppData\Local\Programs\Microsoft VS Code\bin
USERNAME=JEAN DAVID
OS=Windows_NT
PROCESSOR_IDENTIFIER=Intel64 Family 6 Model 158 Stepping 10, GenuineIntel
TMP=C:\Users\JEANDA~1\AppData\Local\Temp
TEMP=C:\Users\JEANDA~1\AppData\Local\Temp



Periodic native trim disabled


---------------  S Y S T E M  ---------------

OS:
 Windows 11 , 64 bit Build 22621 (10.0.22621.1778)
OS uptime: 0 days 3:00 hours

CPU: total 8 (initial active 8) (4 cores per cpu, 2 threads per core) family 6 model 158 stepping 10 microcode 0xde, cx8, cmov, fxsr, ht, mmx, 3dnowpref, sse, sse2, sse3, ssse3, sse4.1, sse4.2, popcnt, lzcnt, tsc, tscinvbit, avx, avx2, aes, erms, clmul, bmi1, bmi2, adx, fma, vzeroupper, clflush, clflushopt
Processor Information for all 8 processors :
  Max Mhz: 2304, Current Mhz: 2304, Mhz Limit: 2304

Memory: 4k page, system-wide physical 8081M (1104M free)
TotalPageFile size 16359M (AvailPageFile size 5M)
current process WorkingSet (physical memory assigned to process): 347M, peak: 349M
current process commit charge ("private bytes"): 381M, peak: 388M

vm_info: OpenJDK 64-Bit Server VM (17.0.9+9) for windows-amd64 JRE (17.0.9+9), built on Oct 26 2023 14:01:42 by "admin" with MS VC++ 16.10 / 16.11 (VS2019)

END.
